SF:lib/core/network/api_client.dart
DA:8,0
DA:9,0
DA:10,0
DA:15,0
DA:19,0
DA:20,0
DA:21,0
DA:22,0
DA:23,0
DA:27,0
DA:30,0
DA:35,0
DA:36,0
DA:37,0
DA:38,0
DA:39,0
DA:40,0
DA:42,0
DA:45,0
DA:48,0
DA:53,0
DA:54,0
DA:55,0
DA:56,0
DA:57,0
DA:58,0
DA:60,0
DA:63,0
DA:64,0
DA:68,0
DA:69,0
DA:70,0
DA:73,0
DA:74,0
DA:81,0
DA:83,0
DA:84,0
DA:85,0
DA:86,0
DA:87,0
DA:89,0
DA:90,0
DA:91,0
DA:92,0
DA:100,0
LF:45
LH:0
end_of_record
SF:lib/core/network/api_exception.dart
DA:2,2
DA:7,0
DA:8,0
LF:3
LH:1
end_of_record
SF:lib/features/auth/data/auth_api.dart
DA:6,1
DA:13,1
DA:18,2
DA:20,1
DA:21,1
DA:23,1
DA:27,1
DA:30,1
DA:31,2
DA:33,1
DA:34,1
DA:39,1
DA:40,2
DA:41,1
DA:44,1
DA:45,2
DA:46,3
DA:49,1
DA:52,1
DA:53,2
DA:55,2
DA:57,1
DA:60,1
DA:64,2
DA:66,1
DA:71,1
DA:74,1
DA:75,2
DA:77,1
DA:78,1
DA:82,1
LF:31
LH:31
end_of_record
SF:lib/features/auth/domain/auth_models.dart
DA:2,2
DA:18,1
DA:19,1
DA:20,1
DA:21,1
DA:22,1
DA:23,1
DA:24,2
DA:25,2
DA:31,2
DA:37,2
DA:47,1
DA:48,1
DA:49,1
DA:50,1
DA:51,1
LF:16
LH:16
end_of_record
SF:lib/features/auth/presentation/auth_controller.dart
DA:9,3
DA:23,2
DA:24,6
DA:25,2
DA:26,2
DA:27,6
DA:28,6
DA:30,1
DA:31,1
DA:32,1
DA:34,2
DA:35,1
DA:36,1
DA:37,1
DA:42,1
DA:43,3
DA:45,2
DA:46,1
DA:47,1
DA:49,1
DA:50,1
DA:54,1
DA:55,2
DA:56,1
DA:57,2
DA:58,2
DA:59,4
DA:60,4
DA:65,1
DA:70,2
DA:71,1
DA:72,2
DA:77,1
DA:82,1
DA:83,2
DA:84,1
DA:85,2
DA:86,1
DA:91,1
DA:92,2
DA:93,1
DA:95,2
DA:96,2
DA:97,2
DA:101,1
DA:102,1
DA:103,3
DA:110,1
DA:111,2
DA:112,1
DA:113,1
DA:114,1
DA:115,1
DA:116,1
DA:119,1
DA:120,1
DA:123,1
DA:124,1
DA:127,1
DA:128,1
DA:131,1
DA:132,1
DA:135,1
DA:143,1
DA:146,1
DA:147,1
DA:149,1
DA:151,1
DA:152,2
DA:155,0
DA:159,1
DA:161,1
DA:165,1
DA:166,1
DA:167,1
LF:75
LH:74
end_of_record
SF:lib/features/auth/presentation/screens/login_screen.dart
DA:9,1
DA:13,1
DA:14,1
DA:22,1
DA:24,2
DA:25,2
DA:26,1
DA:29,0
DA:30,0
DA:34,0
DA:35,0
DA:36,0
DA:39,0
DA:40,0
DA:44,0
DA:45,0
DA:46,0
DA:47,0
DA:48,0
DA:49,0
DA:51,0
DA:56,0
DA:57,0
DA:58,0
DA:61,0
DA:62,0
DA:63,0
DA:64,0
DA:67,0
DA:68,0
DA:69,0
DA:78,0
DA:79,0
DA:80,0
DA:84,1
DA:86,1
DA:87,2
DA:88,1
DA:89,3
DA:90,3
DA:92,1
DA:93,1
DA:94,1
DA:97,1
DA:98,0
DA:99,0
DA:105,1
DA:106,1
DA:108,1
DA:111,1
DA:112,1
DA:113,1
DA:114,1
DA:123,1
DA:125,1
DA:126,1
DA:128,1
DA:129,1
DA:131,1
DA:132,1
DA:133,1
DA:134,1
DA:139,1
DA:140,1
DA:141,0
DA:142,1
DA:160,1
DA:161,1
DA:162,1
DA:165,1
DA:166,1
DA:167,1
DA:174,0
DA:175,0
DA:182,1
DA:183,1
DA:190,0
DA:191,0
DA:198,1
DA:199,4
DA:200,1
DA:207,3
DA:218,1
DA:219,3
DA:221,1
LF:85
LH:51
end_of_record
SF:lib/features/auth/presentation/widgets/auth_page_scaffold.dart
DA:5,3
DA:12,3
DA:14,3
DA:16,3
DA:17,3
DA:18,3
DA:20,3
DA:22,3
LF:8
LH:8
end_of_record
SF:lib/features/auth/presentation/widgets/status_banner.dart
DA:6,0
DA:15,1
DA:17,2
DA:18,3
DA:19,3
DA:20,1
DA:21,1
DA:22,1
DA:24,3
DA:27,1
DA:29,1
DA:31,1
DA:34,1
DA:35,1
DA:36,1
LF:15
LH:14
end_of_record
SF:lib/features/auth/presentation/widgets/drawback_app_bar.dart
DA:4,2
DA:6,4
DA:9,4
DA:11,4
DA:16,4
DA:17,4
DA:18,4
DA:19,4
DA:21,4
LF:9
LH:9
end_of_record
SF:lib/features/auth/presentation/screens/register_screen.dart
DA:9,1
DA:13,1
DA:14,1
DA:27,1
DA:29,2
DA:30,2
DA:31,2
DA:32,2
DA:33,1
DA:36,0
DA:37,0
DA:38,0
DA:39,0
DA:43,0
DA:44,0
DA:45,0
DA:48,0
DA:49,0
DA:51,0
DA:55,0
DA:56,0
DA:57,0
DA:61,0
DA:62,0
DA:66,0
DA:67,0
DA:68,0
DA:69,0
DA:74,0
DA:75,0
DA:76,0
DA:80,0
DA:81,0
DA:85,0
DA:86,0
DA:87,0
DA:90,1
DA:92,1
DA:93,2
DA:94,1
DA:95,3
DA:96,3
DA:98,1
DA:99,1
DA:100,1
DA:103,1
DA:104,0
DA:105,0
DA:111,1
DA:112,1
DA:114,1
DA:117,1
DA:118,1
DA:119,1
DA:120,1
DA:129,1
DA:131,1
DA:132,1
DA:134,1
DA:135,1
DA:137,1
DA:138,1
DA:139,1
DA:140,1
DA:145,1
DA:146,1
DA:147,0
DA:148,1
DA:166,1
DA:168,4
DA:173,1
DA:174,1
DA:175,1
DA:178,1
DA:179,1
DA:180,1
DA:187,0
DA:188,0
DA:195,1
DA:196,1
DA:198,1
DA:202,1
DA:203,1
DA:204,3
DA:206,1
DA:207,1
DA:218,0
DA:219,0
DA:222,0
DA:227,0
DA:228,0
DA:229,0
DA:230,0
DA:234,1
DA:235,0
DA:237,0
DA:238,0
DA:241,0
DA:246,1
DA:247,1
DA:248,1
DA:255,0
DA:256,0
DA:259,0
DA:265,1
DA:266,1
DA:267,1
DA:270,1
DA:273,3
DA:274,0
DA:275,0
DA:276,0
DA:277,0
DA:281,0
DA:282,0
DA:285,0
DA:290,0
DA:291,0
DA:294,1
DA:295,1
DA:296,3
DA:297,3
DA:298,0
DA:299,0
DA:300,0
DA:301,0
DA:303,1
DA:304,1
DA:311,3
LF:129
LH:70
end_of_record
